-------------------------------------------------------------------------------
Test set: User
-------------------------------------------------------------------------------
Tests run: 3, Failures: 1, Errors: 0, Skipped: 0, Time elapsed: 18.075 s <<< FAILURE! - in User
User.GET - As a user I have to be able to get detail user  Time elapsed: 1.422 s  <<< FAILURE!
java.lang.AssertionError: 
1 expectation failed.
Expected status code <200> but was <401>.


